<?xml version="1.0" encoding="UTF-8"?>
<testsuite xmlns:xsi="http://www.w3.org/2001/XMLSchema-instance" xsi:noNamespaceSchemaLocation="https://maven.apache.org/surefire/maven-surefire-plugin/xsd/surefire-test-report-3.0.xsd" version="3.0" name="com.vattima.lego.imaging.service.flickr.ImageManagerImplTest" time="0.032" tests="6" errors="0" skipped="0" failures="0">
  <properties>
[...]
</properties>
  <testcase name="getKeywords_withJpgFilesThatHaveKeywords_returnANonEmptyMap" classname="com.vattima.lego.imaging.service.flickr.ImageManagerImplTest" time="0.023">
    <system-out><![CDATA[22:22:36.214 [main] INFO com.vattima.lego.imaging.service.flickr.ImageManagerImplTest -- path=[D:\dev\projects\lego-collection\lego-imaging\target\test-classes\actual-lego-photos-with-keywords\DSC_0504.JPG], map=[{bc=e, ic=e, bl=6658-1, uuid=fdaa0638814727a42f005656f38b92c6, bo=true}]
22:22:36.215 [main] INFO com.vattima.lego.imaging.service.flickr.ImageManagerImplTest -- path=[D:\dev\projects\lego-collection\lego-imaging\target\test-classes\actual-lego-photos-with-keywords\DSC_0505.JPG], map=[{bc=e, ic=e, bl=6658-1, uuid=fdaa0638814727a42f005656f38b92c6, bo=true}]
22:22:36.216 [main] INFO com.vattima.lego.imaging.service.flickr.ImageManagerImplTest -- path=[D:\dev\projects\lego-collection\lego-imaging\target\test-classes\actual-lego-photos-with-keywords\DSC_0506.JPG], map=[{bc=e, ic=e, bl=6658-1, uuid=fdaa0638814727a42f005656f38b92c6, bo=true}]
22:22:36.217 [main] INFO com.vattima.lego.imaging.service.flickr.ImageManagerImplTest -- path=[D:\dev\projects\lego-collection\lego-imaging\target\test-classes\actual-lego-photos-with-keywords\DSC_0514.JPG], map=[{bi=e, ic=e, bl=6658-1, uuid=f81eb8d9ddc469b48dff9c45064be5eb, bo=true}]
22:22:36.218 [main] INFO com.vattima.lego.imaging.service.flickr.ImageManagerImplTest -- path=[D:\dev\projects\lego-collection\lego-imaging\target\test-classes\actual-lego-photos-with-keywords\DSC_0515.JPG], map=[{bi=e, ic=e, bl=6658-1, uuid=f81eb8d9ddc469b48dff9c45064be5eb, bo=true}]
22:22:36.219 [main] INFO com.vattima.lego.imaging.service.flickr.ImageManagerImplTest -- path=[D:\dev\projects\lego-collection\lego-imaging\target\test-classes\actual-lego-photos-with-keywords\DSC_0516.JPG], map=[{bi=e, ic=e, bl=6658-1, uuid=f81eb8d9ddc469b48dff9c45064be5eb, bo=true}]
22:22:36.220 [main] INFO com.vattima.lego.imaging.service.flickr.ImageManagerImplTest -- path=[D:\dev\projects\lego-collection\lego-imaging\target\test-classes\actual-lego-photos-with-keywords\DSC_0523.JPG], map=[{bc=e, ic=e, bl=6655-1, uuid=b92f036c0b8f8543cd911315415644df, bo=true}]
22:22:36.221 [main] INFO com.vattima.lego.imaging.service.flickr.ImageManagerImplTest -- path=[D:\dev\projects\lego-collection\lego-imaging\target\test-classes\actual-lego-photos-with-keywords\DSC_0524.JPG], map=[{bc=e, ic=e, bl=6655-1, uuid=b92f036c0b8f8543cd911315415644df, bo=true}]
22:22:36.222 [main] INFO com.vattima.lego.imaging.service.flickr.ImageManagerImplTest -- path=[D:\dev\projects\lego-collection\lego-imaging\target\test-classes\actual-lego-photos-with-keywords\DSC_0525.JPG], map=[{bc=e, ic=e, bl=6655-1, uuid=b92f036c0b8f8543cd911315415644df, bo=true}]
22:22:36.223 [main] INFO com.vattima.lego.imaging.service.flickr.ImageManagerImplTest -- path=[D:\dev\projects\lego-collection\lego-imaging\target\test-classes\actual-lego-photos-with-keywords\DSC_0570.JPG], map=[{bc=e, ic=e, bl=6654-1, uuid=730049b51b107106ad17982f91f764be, bo=true}]
22:22:36.224 [main] INFO com.vattima.lego.imaging.service.flickr.ImageManagerImplTest -- path=[D:\dev\projects\lego-collection\lego-imaging\target\test-classes\actual-lego-photos-with-keywords\DSC_0571.JPG], map=[{bc=e, ic=e, bl=6654-1, uuid=730049b51b107106ad17982f91f764be, bo=true}]
22:22:36.225 [main] INFO com.vattima.lego.imaging.service.flickr.ImageManagerImplTest -- path=[D:\dev\projects\lego-collection\lego-imaging\target\test-classes\actual-lego-photos-with-keywords\DSC_0572.JPG], map=[{bc=e, ic=e, bl=6654-1, uuid=730049b51b107106ad17982f91f764be, bo=true}]
22:22:36.226 [main] INFO com.vattima.lego.imaging.service.flickr.ImageManagerImplTest -- path=[D:\dev\projects\lego-collection\lego-imaging\target\test-classes\actual-lego-photos-with-keywords\DSC_0573.JPG], map=[{bc=e, ic=e, bl=6654-1, uuid=730049b51b107106ad17982f91f764be, bo=true}]
22:22:36.227 [main] INFO com.vattima.lego.imaging.service.flickr.ImageManagerImplTest -- path=[D:\dev\projects\lego-collection\lego-imaging\target\test-classes\actual-lego-photos-with-keywords\DSC_0574.JPG], map=[{bc=e, ic=e, bl=6654-1, uuid=730049b51b107106ad17982f91f764be, bo=true}]
22:22:36.228 [main] INFO com.vattima.lego.imaging.service.flickr.ImageManagerImplTest -- path=[D:\dev\projects\lego-collection\lego-imaging\target\test-classes\actual-lego-photos-with-keywords\DSC_0576.JPG], map=[{6651-1=6651-1}]
22:22:36.228 [main] INFO com.vattima.lego.imaging.service.flickr.ImageManagerImplTest -- path=[D:\dev\projects\lego-collection\lego-imaging\target\test-classes\actual-lego-photos-with-keywords\DSC_0577.JPG], map=[{646-1=646-1}]
22:22:36.229 [main] INFO com.vattima.lego.imaging.service.flickr.ImageManagerImplTest -- path=[D:\dev\projects\lego-collection\lego-imaging\target\test-classes\actual-lego-photos-with-keywords\DSC_0578.JPG], map=[{646-1=646-1}]
22:22:36.230 [main] INFO com.vattima.lego.imaging.service.flickr.ImageManagerImplTest -- path=[D:\dev\projects\lego-collection\lego-imaging\target\test-classes\actual-lego-photos-with-keywords\DSC_0580.JPG], map=[{646-1=646-1}]
22:22:36.231 [main] INFO com.vattima.lego.imaging.service.flickr.ImageManagerImplTest -- path=[D:\dev\projects\lego-collection\lego-imaging\target\test-classes\actual-lego-photos-with-keywords\DSC_0583.JPG], map=[{540-2=540-2, Duplicate=Duplicate}]
22:22:36.231 [main] INFO com.vattima.lego.imaging.service.flickr.ImageManagerImplTest -- path=[D:\dev\projects\lego-collection\lego-imaging\target\test-classes\actual-lego-photos-with-keywords\DSC_0584.JPG], map=[{540-2=540-2, Duplicate=Duplicate}]
22:22:36.232 [main] INFO com.vattima.lego.imaging.service.flickr.ImageManagerImplTest -- path=[D:\dev\projects\lego-collection\lego-imaging\target\test-classes\actual-lego-photos-with-keywords\DSC_0585.JPG], map=[{540-2=540-2, Duplicate=Duplicate}]
]]></system-out>
  </testcase>
  <testcase name="getKeywords_withMultiWordKeyword_doesntSplitKeyword" classname="com.vattima.lego.imaging.service.flickr.ImageManagerImplTest" time="0.001">
    <system-out><![CDATA[22:22:36.234 [main] INFO com.vattima.lego.imaging.service.flickr.ImageManagerImplTest -- path=[D:\dev\projects\lego-collection\lego-imaging\target\test-classes\lego-photo-multi-word-keyword\IMG_20191016_214600.JPG], map=[{bc=e, rmk1=These-are-the-multi-word-remarks-that-could-be-any-words-th, sealed=false, rmk2=at-describe-certain-aspects-of-the-lego-set., ic=e, bl=9999-1, uuid=017237849187239123, bo=false, primary=primary}]
]]></system-out>
  </testcase>
  <testcase name="getKeywords_withJpgFileThatHasKeywords" classname="com.vattima.lego.imaging.service.flickr.ImageManagerImplTest" time="0.001"/>
  <testcase name="metaDataExtractor_extracts" classname="com.vattima.lego.imaging.service.flickr.ImageManagerImplTest" time="0.001">
    <system-out><![CDATA[22:22:36.238 [main] INFO com.vattima.lego.imaging.service.flickr.ImageManagerImplTest -- map = [{bc=e, sealed=false, ic=e, bl=60002-1, cp=This is the caption!, uuid=74e82e44df50d8144bb1a4f382de5b0f, bo=false}]
]]></system-out>
  </testcase>
  <testcase name="getKeywords_withJpgFileThatHasNoKeywords_returnsEmptyMap" classname="com.vattima.lego.imaging.service.flickr.ImageManagerImplTest" time="0.001"/>
  <testcase name="getMetadata_withCopyrightTitleCaption" classname="com.vattima.lego.imaging.service.flickr.ImageManagerImplTest" time="0.001"/>
</testsuite>